Started at Tue Jul 05 15:08:04 UTC 2022
Processing ansible-test
Offering ansible-test to Project Build Discarder
Processing ansible-users-db
Offering ansible-users-db to Project Build Discarder
Processing my-first-job
Offering my-first-job to Project Build Discarder
Processing remote-task
Offering remote-task to Project Build Discarder
Finished at Tue Jul 05 15:08:04 UTC 2022. 56ms
Started at Tue Jul 05 21:06:23 UTC 2022
Processing ansible-test
Offering ansible-test to Project Build Discarder
Processing ansible-users-db
Offering ansible-users-db to Project Build Discarder
Processing my-first-job
Offering my-first-job to Project Build Discarder
Processing remote-task
Offering remote-task to Project Build Discarder
Finished at Tue Jul 05 21:06:23 UTC 2022. 2ms
Started at Wed Jul 06 05:12:27 UTC 2022
Processing ansible-test
Offering ansible-test to Project Build Discarder
Processing ansible-users-db
Offering ansible-users-db to Project Build Discarder
Processing my-first-job
Offering my-first-job to Project Build Discarder
Processing remote-task
Offering remote-task to Project Build Discarder
Finished at Wed Jul 06 05:12:27 UTC 2022. 4ms
Started at Wed Jul 06 14:17:57 UTC 2022
Processing ansible-test
Offering ansible-test to Project Build Discarder
Processing ansible-users-db
Offering ansible-users-db to Project Build Discarder
Processing my-first-job
Offering my-first-job to Project Build Discarder
Processing remote-task
Offering remote-task to Project Build Discarder
Finished at Wed Jul 06 14:17:57 UTC 2022. 10ms
